==63896== Memcheck, a memory error detector
==63896== Copyright (C) 2002-2022, and GNU GPL'd, by Julian Seward et al.
==63896== Using Valgrind-3.22.0.GIT-lbmacos and LibVEX; rerun with -h for copyright info
==63896== Command: ./minishell
==63896== Parent PID: 42291
==63896== 
==63896== 
==63896== HEAP SUMMARY:
==63896==     in use at exit: 319,913 bytes in 382 blocks
==63896==   total heap usage: 689 allocs, 307 frees, 341,600 bytes allocated
==63896== 
==63896== 8 bytes in 1 blocks are still reachable in loss record 1 of 100
==63896==    at 0x10017D775: malloc (in /System/Volumes/Data/sgoinfre/goinfre/Perso/abasante/homebrew/Cellar/valgrind/HEAD-8c360fc/libexec/valgrind/vgpreload_memcheck-amd64-darwin.so)
==63896==    by 0x10000D6AC: xrealloc (xmalloc.c:70)
==63896==    by 0x100022D22: expand_prompt (display.c:401)
==63896==    by 0x1000234C7: rl_expand_prompt (display.c:606)
==63896==    by 0x10000D7DA: readline (readline.c:347)
==63896==    by 0x100004049: minishell (in ./minishell)
==63896==    by 0x1000041DA: main (in ./minishell)
==63896== 
==63896== 8 bytes in 1 blocks are still reachable in loss record 2 of 100
==63896==    at 0x10017D775: malloc (in /System/Volumes/Data/sgoinfre/goinfre/Perso/abasante/homebrew/Cellar/valgrind/HEAD-8c360fc/libexec/valgrind/vgpreload_memcheck-amd64-darwin.so)
==63896==    by 0x1004AACE5: strdup (in /usr/lib/system/libsystem_c.dylib)
==63896==    by 0x1001C2855: _nc_trim_sgr0 (in /usr/lib/libncurses.5.4.dylib)
==63896==    by 0x1001C0E0F: tgetent (in /usr/lib/libncurses.5.4.dylib)
==63896==    by 0x10002D56F: _rl_init_terminal_io (terminal.c:523)
==63896==    by 0x10000D923: rl_initialize (readline.c:1283)
==63896==    by 0x10000D7E5: readline (readline.c:379)
==63896==    by 0x100004049: minishell (in ./minishell)
==63896==    by 0x1000041DA: main (in ./minishell)
==63896== 
==63896== 9 bytes in 1 blocks are still reachable in loss record 3 of 100
==63896==    at 0x10017D775: malloc (in /System/Volumes/Data/sgoinfre/goinfre/Perso/abasante/homebrew/Cellar/valgrind/HEAD-8c360fc/libexec/valgrind/vgpreload_memcheck-amd64-darwin.so)
==63896==    by 0x1004B32AA: __setenv_locked (in /usr/lib/system/libsystem_c.dylib)
==63896==    by 0x1004B36A3: setenv (in /usr/lib/system/libsystem_c.dylib)
==63896==    by 0x10000C968: sh_set_lines_and_columns (shell.c:133)
==63896==    by 0x10002D375: _rl_get_screen_size (terminal.c:337)
==63896==    by 0x100022C59: expand_prompt (display.c:379)
==63896==    by 0x1000234C7: rl_expand_prompt (display.c:606)
==63896==    by 0x10000D7DA: readline (readline.c:347)
==63896==    by 0x100004049: minishell (in ./minishell)
==63896==    by 0x1000041DA: main (in ./minishell)
==63896== 
==63896== 9 bytes in 1 blocks are still reachable in loss record 4 of 100
==63896==    at 0x10017D775: malloc (in /System/Volumes/Data/sgoinfre/goinfre/Perso/abasante/homebrew/Cellar/valgrind/HEAD-8c360fc/libexec/valgrind/vgpreload_memcheck-amd64-darwin.so)
==63896==    by 0x10000D648: xmalloc (xmalloc.c:59)
==63896==    by 0x10002D9CF: _rl_init_terminal_io (terminal.c:830)
==63896==    by 0x10000D923: rl_initialize (readline.c:1283)
==63896==    by 0x10000D7E5: readline (readline.c:379)
==63896==    by 0x100004049: minishell (in ./minishell)
==63896==    by 0x1000041DA: main (in ./minishell)
==63896== 
==63896== 10 bytes in 1 blocks are still reachable in loss record 5 of 100
==63896==    at 0x10017D775: malloc (in /System/Volumes/Data/sgoinfre/goinfre/Perso/abasante/homebrew/Cellar/valgrind/HEAD-8c360fc/libexec/valgrind/vgpreload_memcheck-amd64-darwin.so)
==63896==    by 0x10000D648: xmalloc (xmalloc.c:59)
==63896==    by 0x10000D798: readline (readline.c:344)
==63896==    by 0x100004049: minishell (in ./minishell)
==63896==    by 0x1000041DA: main (in ./minishell)
==63896== 
==63896== 10 bytes in 1 blocks are still reachable in loss record 6 of 100
==63896==    at 0x10017D775: malloc (in /System/Volumes/Data/sgoinfre/goinfre/Perso/abasante/homebrew/Cellar/valgrind/HEAD-8c360fc/libexec/valgrind/vgpreload_memcheck-amd64-darwin.so)
==63896==    by 0x10000D648: xmalloc (xmalloc.c:59)
==63896==    by 0x100022CCE: expand_prompt (display.c:391)
==63896==    by 0x1000234C7: rl_expand_prompt (display.c:606)
==63896==    by 0x10000D7DA: readline (readline.c:347)
==63896==    by 0x100004049: minishell (in ./minishell)
==63896==    by 0x1000041DA: main (in ./minishell)
==63896== 
==63896== 11 bytes in 1 blocks are still reachable in loss record 7 of 100
==63896==    at 0x10017D775: malloc (in /System/Volumes/Data/sgoinfre/goinfre/Perso/abasante/homebrew/Cellar/valgrind/HEAD-8c360fc/libexec/valgrind/vgpreload_memcheck-amd64-darwin.so)
==63896==    by 0x1004B32AA: __setenv_locked (in /usr/lib/system/libsystem_c.dylib)
==63896==    by 0x1004B36A3: setenv (in /usr/lib/system/libsystem_c.dylib)
==63896==    by 0x10002D375: _rl_get_screen_size (terminal.c:337)
==63896==    by 0x100022C59: expand_prompt (display.c:379)
==63896==    by 0x1000234C7: rl_expand_prompt (display.c:606)
==63896==    by 0x10000D7DA: readline (readline.c:347)
==63896==    by 0x100004049: minishell (in ./minishell)
==63896==    by 0x1000041DA: main (in ./minishell)
==63896== 
==63896== 11 bytes in 1 blocks are still reachable in loss record 8 of 100
==63896==    at 0x10017D775: malloc (in /System/Volumes/Data/sgoinfre/goinfre/Perso/abasante/homebrew/Cellar/valgrind/HEAD-8c360fc/libexec/valgrind/vgpreload_memcheck-amd64-darwin.so)
==63896==    by 0x10000D648: xmalloc (xmalloc.c:59)
==63896==    by 0x10002DA30: _rl_init_terminal_io (terminal.c:842)
==63896==    by 0x10000D923: rl_initialize (readline.c:1283)
==63896==    by 0x10000D7E5: readline (readline.c:379)
==63896==    by 0x100004049: minishell (in ./minishell)
==63896==    by 0x1000041DA: main (in ./minishell)
==63896== 
==63896== 12 bytes in 1 blocks are still reachable in loss record 9 of 100
==63896==    at 0x10017D775: malloc (in /System/Volumes/Data/sgoinfre/goinfre/Perso/abasante/homebrew/Cellar/valgrind/HEAD-8c360fc/libexec/valgrind/vgpreload_memcheck-amd64-darwin.so)
==63896==    by 0x10000D648: xmalloc (xmalloc.c:59)
==63896==    by 0x100031190: _rl_init_locale (nls.c:150)
==63896==    by 0x1000311C5: _rl_init_eightbit (nls.c:227)
==63896==    by 0x10000D942: rl_initialize (readline.c:1292)
==63896==    by 0x10000D7E5: readline (readline.c:379)
==63896==    by 0x100004049: minishell (in ./minishell)
==63896==    by 0x1000041DA: main (in ./minishell)
==63896== 
==63896== 14 bytes in 1 blocks are still reachable in loss record 11 of 100
==63896==    at 0x100180C2E: realloc (in /System/Volumes/Data/sgoinfre/goinfre/Perso/abasante/homebrew/Cellar/valgrind/HEAD-8c360fc/libexec/valgrind/vgpreload_memcheck-amd64-darwin.so)
==63896==    by 0x1001C2516: _nc_doalloc (in /usr/lib/libncurses.5.4.dylib)
==63896==    by 0x1001C2FA8: tparm (in /usr/lib/libncurses.5.4.dylib)
==63896==    by 0x1001DD4D6: _nc_remove_string (in /usr/lib/libncurses.5.4.dylib)
==63896==    by 0x1001C2848: _nc_trim_sgr0 (in /usr/lib/libncurses.5.4.dylib)
==63896==    by 0x1001C0E0F: tgetent (in /usr/lib/libncurses.5.4.dylib)
==63896==    by 0x10002D56F: _rl_init_terminal_io (terminal.c:523)
==63896==    by 0x10000D923: rl_initialize (readline.c:1283)
==63896==    by 0x10000D7E5: readline (readline.c:379)
==63896==    by 0x100004049: minishell (in ./minishell)
==63896==    by 0x1000041DA: main (in ./minishell)
==63896== 
==63896== 15 bytes in 1 blocks are still reachable in loss record 12 of 100
==63896==    at 0x10017D775: malloc (in /System/Volumes/Data/sgoinfre/goinfre/Perso/abasante/homebrew/Cellar/valgrind/HEAD-8c360fc/libexec/valgrind/vgpreload_memcheck-amd64-darwin.so)
==63896==    by 0x1004AACE5: strdup (in /usr/lib/system/libsystem_c.dylib)
==63896==    by 0x1001C12E7: _nc_setupterm (in /usr/lib/libncurses.5.4.dylib)
==63896==    by 0x1001C0C46: tgetent (in /usr/lib/libncurses.5.4.dylib)
==63896==    by 0x10002D56F: _rl_init_terminal_io (terminal.c:523)
==63896==    by 0x10000D923: rl_initialize (readline.c:1283)
==63896==    by 0x10000D7E5: readline (readline.c:379)
==63896==    by 0x100004049: minishell (in ./minishell)
==63896==    by 0x1000041DA: main (in ./minishell)
==63896== 
==63896== 16 bytes in 1 blocks are still reachable in loss record 15 of 100
==63896==    at 0x10017D775: malloc (in /System/Volumes/Data/sgoinfre/goinfre/Perso/abasante/homebrew/Cellar/valgrind/HEAD-8c360fc/libexec/valgrind/vgpreload_memcheck-amd64-darwin.so)
==63896==    by 0x10000DA50: rl_initialize (readline.c:1325)
==63896==    by 0x10000D7E5: readline (readline.c:379)
==63896==    by 0x100004049: minishell (in ./minishell)
==63896==    by 0x1000041DA: main (in ./minishell)
==63896== 
==63896== 28 bytes in 1 blocks are still reachable in loss record 19 of 100
==63896==    at 0x10017D775: malloc (in /System/Volumes/Data/sgoinfre/goinfre/Perso/abasante/homebrew/Cellar/valgrind/HEAD-8c360fc/libexec/valgrind/vgpreload_memcheck-amd64-darwin.so)
==63896==    by 0x1001C18B9: _nc_home_terminfo (in /usr/lib/libncurses.5.4.dylib)
==63896==    by 0x1001C16E9: _nc_next_db (in /usr/lib/libncurses.5.4.dylib)
==63896==    by 0x1001C155F: _nc_read_entry (in /usr/lib/libncurses.5.4.dylib)
==63896==    by 0x1001C11C4: _nc_setupterm (in /usr/lib/libncurses.5.4.dylib)
==63896==    by 0x1001C0C46: tgetent (in /usr/lib/libncurses.5.4.dylib)
==63896==    by 0x10002D56F: _rl_init_terminal_io (terminal.c:523)
==63896==    by 0x10000D923: rl_initialize (readline.c:1283)
==63896==    by 0x10000D7E5: readline (readline.c:379)
==63896==    by 0x100004049: minishell (in ./minishell)
==63896==    by 0x1000041DA: main (in ./minishell)
==63896== 
==63896== 46 bytes in 1 blocks are still reachable in loss record 28 of 100
==63896==    at 0x100180C2E: realloc (in /System/Volumes/Data/sgoinfre/goinfre/Perso/abasante/homebrew/Cellar/valgrind/HEAD-8c360fc/libexec/valgrind/vgpreload_memcheck-amd64-darwin.so)
==63896==    by 0x1001C2516: _nc_doalloc (in /usr/lib/libncurses.5.4.dylib)
==63896==    by 0x1001C210F: _nc_read_termtype (in /usr/lib/libncurses.5.4.dylib)
==63896==    by 0x1001C19C6: _nc_read_file_entry (in /usr/lib/libncurses.5.4.dylib)
==63896==    by 0x1001C15D7: _nc_read_entry (in /usr/lib/libncurses.5.4.dylib)
==63896==    by 0x1001C11C4: _nc_setupterm (in /usr/lib/libncurses.5.4.dylib)
==63896==    by 0x1001C0C46: tgetent (in /usr/lib/libncurses.5.4.dylib)
==63896==    by 0x10002D56F: _rl_init_terminal_io (terminal.c:523)
==63896==    by 0x10000D923: rl_initialize (readline.c:1283)
==63896==    by 0x10000D7E5: readline (readline.c:379)
==63896==    by 0x100004049: minishell (in ./minishell)
==63896==    by 0x1000041DA: main (in ./minishell)
==63896== 
==63896== 78 bytes in 1 blocks are still reachable in loss record 34 of 100
==63896==    at 0x100180C2E: realloc (in /System/Volumes/Data/sgoinfre/goinfre/Perso/abasante/homebrew/Cellar/valgrind/HEAD-8c360fc/libexec/valgrind/vgpreload_memcheck-amd64-darwin.so)
==63896==    by 0x1001C2516: _nc_doalloc (in /usr/lib/libncurses.5.4.dylib)
==63896==    by 0x1001C2124: _nc_read_termtype (in /usr/lib/libncurses.5.4.dylib)
==63896==    by 0x1001C19C6: _nc_read_file_entry (in /usr/lib/libncurses.5.4.dylib)
==63896==    by 0x1001C15D7: _nc_read_entry (in /usr/lib/libncurses.5.4.dylib)
==63896==    by 0x1001C11C4: _nc_setupterm (in /usr/lib/libncurses.5.4.dylib)
==63896==    by 0x1001C0C46: tgetent (in /usr/lib/libncurses.5.4.dylib)
==63896==    by 0x10002D56F: _rl_init_terminal_io (terminal.c:523)
==63896==    by 0x10000D923: rl_initialize (readline.c:1283)
==63896==    by 0x10000D7E5: readline (readline.c:379)
==63896==    by 0x100004049: minishell (in ./minishell)
==63896==    by 0x1000041DA: main (in ./minishell)
==63896== 
==63896== 83 bytes in 1 blocks are still reachable in loss record 35 of 100
==63896==    at 0x10017D775: malloc (in /System/Volumes/Data/sgoinfre/goinfre/Perso/abasante/homebrew/Cellar/valgrind/HEAD-8c360fc/libexec/valgrind/vgpreload_memcheck-amd64-darwin.so)
==63896==    by 0x1001C43A3: _nc_tparm_analyze (in /usr/lib/libncurses.5.4.dylib)
==63896==    by 0x1001C2D71: tparm (in /usr/lib/libncurses.5.4.dylib)
==63896==    by 0x1001DD4D6: _nc_remove_string (in /usr/lib/libncurses.5.4.dylib)
==63896==    by 0x1001C2848: _nc_trim_sgr0 (in /usr/lib/libncurses.5.4.dylib)
==63896==    by 0x1001C0E0F: tgetent (in /usr/lib/libncurses.5.4.dylib)
==63896==    by 0x10002D56F: _rl_init_terminal_io (terminal.c:523)
==63896==    by 0x10000D923: rl_initialize (readline.c:1283)
==63896==    by 0x10000D7E5: readline (readline.c:379)
==63896==    by 0x100004049: minishell (in ./minishell)
==63896==    by 0x1000041DA: main (in ./minishell)
==63896== 
==63896== 240 bytes in 1 blocks are still reachable in loss record 43 of 100
==63896==    at 0x1001808B4: calloc (in /System/Volumes/Data/sgoinfre/goinfre/Perso/abasante/homebrew/Cellar/valgrind/HEAD-8c360fc/libexec/valgrind/vgpreload_memcheck-amd64-darwin.so)
==63896==    by 0x1001C119F: _nc_setupterm (in /usr/lib/libncurses.5.4.dylib)
==63896==    by 0x1001C0C46: tgetent (in /usr/lib/libncurses.5.4.dylib)
==63896==    by 0x10002D56F: _rl_init_terminal_io (terminal.c:523)
==63896==    by 0x10000D923: rl_initialize (readline.c:1283)
==63896==    by 0x10000D7E5: readline (readline.c:379)
==63896==    by 0x100004049: minishell (in ./minishell)
==63896==    by 0x1000041DA: main (in ./minishell)
==63896== 
==63896== 256 bytes in 1 blocks are still reachable in loss record 44 of 100
==63896==    at 0x10017D775: malloc (in /System/Volumes/Data/sgoinfre/goinfre/Perso/abasante/homebrew/Cellar/valgrind/HEAD-8c360fc/libexec/valgrind/vgpreload_memcheck-amd64-darwin.so)
==63896==    by 0x10000D648: xmalloc (xmalloc.c:59)
==63896==    by 0x10000D8F5: rl_initialize (readline.c:1278)
==63896==    by 0x10000D7E5: readline (readline.c:379)
==63896==    by 0x100004049: minishell (in ./minishell)
==63896==    by 0x1000041DA: main (in ./minishell)
==63896== 
==63896== 352 bytes in 1 blocks are still reachable in loss record 49 of 100
==63896==    at 0x100180C2E: realloc (in /System/Volumes/Data/sgoinfre/goinfre/Perso/abasante/homebrew/Cellar/valgrind/HEAD-8c360fc/libexec/valgrind/vgpreload_memcheck-amd64-darwin.so)
==63896==    by 0x1004B3203: __setenv_locked (in /usr/lib/system/libsystem_c.dylib)
==63896==    by 0x1004B36A3: setenv (in /usr/lib/system/libsystem_c.dylib)
==63896==    by 0x10002D375: _rl_get_screen_size (terminal.c:337)
==63896==    by 0x100022C59: expand_prompt (display.c:379)
==63896==    by 0x1000234C7: rl_expand_prompt (display.c:606)
==63896==    by 0x10000D7DA: readline (readline.c:347)
==63896==    by 0x100004049: minishell (in ./minishell)
==63896==    by 0x1000041DA: main (in ./minishell)
==63896== 
==63896== 480 bytes in 1 blocks are still reachable in loss record 51 of 100
==63896==    at 0x1001808B4: calloc (in /System/Volumes/Data/sgoinfre/goinfre/Perso/abasante/homebrew/Cellar/valgrind/HEAD-8c360fc/libexec/valgrind/vgpreload_memcheck-amd64-darwin.so)
==63896==    by 0x1001C243B: _nc_read_termtype (in /usr/lib/libncurses.5.4.dylib)
==63896==    by 0x1001C19C6: _nc_read_file_entry (in /usr/lib/libncurses.5.4.dylib)
==63896==    by 0x1001C15D7: _nc_read_entry (in /usr/lib/libncurses.5.4.dylib)
==63896==    by 0x1001C11C4: _nc_setupterm (in /usr/lib/libncurses.5.4.dylib)
==63896==    by 0x1001C0C46: tgetent (in /usr/lib/libncurses.5.4.dylib)
==63896==    by 0x10002D56F: _rl_init_terminal_io (terminal.c:523)
==63896==    by 0x10000D923: rl_initialize (readline.c:1283)
==63896==    by 0x10000D7E5: readline (readline.c:379)
==63896==    by 0x100004049: minishell (in ./minishell)
==63896==    by 0x1000041DA: main (in ./minishell)
==63896== 
==63896== 680 bytes in 1 blocks are still reachable in loss record 52 of 100
==63896==    at 0x10017D775: malloc (in /System/Volumes/Data/sgoinfre/goinfre/Perso/abasante/homebrew/Cellar/valgrind/HEAD-8c360fc/libexec/valgrind/vgpreload_memcheck-amd64-darwin.so)
==63896==    by 0x1001C22EF: _nc_read_termtype (in /usr/lib/libncurses.5.4.dylib)
==63896==    by 0x1001C19C6: _nc_read_file_entry (in /usr/lib/libncurses.5.4.dylib)
==63896==    by 0x1001C15D7: _nc_read_entry (in /usr/lib/libncurses.5.4.dylib)
==63896==    by 0x1001C11C4: _nc_setupterm (in /usr/lib/libncurses.5.4.dylib)
==63896==    by 0x1001C0C46: tgetent (in /usr/lib/libncurses.5.4.dylib)
==63896==    by 0x10002D56F: _rl_init_terminal_io (terminal.c:523)
==63896==    by 0x10000D923: rl_initialize (readline.c:1283)
==63896==    by 0x10000D7E5: readline (readline.c:379)
==63896==    by 0x100004049: minishell (in ./minishell)
==63896==    by 0x1000041DA: main (in ./minishell)
==63896== 
==63896== 1,024 bytes in 1 blocks are still reachable in loss record 53 of 100
==63896==    at 0x10017D775: malloc (in /System/Volumes/Data/sgoinfre/goinfre/Perso/abasante/homebrew/Cellar/valgrind/HEAD-8c360fc/libexec/valgrind/vgpreload_memcheck-amd64-darwin.so)
==63896==    by 0x10000D6AC: xrealloc (xmalloc.c:70)
==63896==    by 0x10002846D: realloc_line (display.c:659)
==63896==    by 0x100023551: init_line_structures (display.c:687)
==63896==    by 0x100020ACC: rl_redisplay (display.c:801)
==63896==    by 0x10000DC18: readline_internal_setup (readline.c:468)
==63896==    by 0x10000D806: readline (readline.c:732)
==63896==    by 0x100004049: minishell (in ./minishell)
==63896==    by 0x1000041DA: main (in ./minishell)
==63896== 
==63896== 1,024 bytes in 1 blocks are still reachable in loss record 54 of 100
==63896==    at 0x10017D775: malloc (in /System/Volumes/Data/sgoinfre/goinfre/Perso/abasante/homebrew/Cellar/valgrind/HEAD-8c360fc/libexec/valgrind/vgpreload_memcheck-amd64-darwin.so)
==63896==    by 0x10000D6AC: xrealloc (xmalloc.c:70)
==63896==    by 0x100028483: realloc_line (display.c:660)
==63896==    by 0x100023551: init_line_structures (display.c:687)
==63896==    by 0x100020ACC: rl_redisplay (display.c:801)
==63896==    by 0x10000DC18: readline_internal_setup (readline.c:468)
==63896==    by 0x10000D806: readline (readline.c:732)
==63896==    by 0x100004049: minishell (in ./minishell)
==63896==    by 0x1000041DA: main (in ./minishell)
==63896== 
==63896== 1,024 bytes in 1 blocks are still reachable in loss record 55 of 100
==63896==    at 0x10017D775: malloc (in /System/Volumes/Data/sgoinfre/goinfre/Perso/abasante/homebrew/Cellar/valgrind/HEAD-8c360fc/libexec/valgrind/vgpreload_memcheck-amd64-darwin.so)
==63896==    by 0x10000D6AC: xrealloc (xmalloc.c:70)
==63896==    by 0x1000284A0: realloc_line (display.c:662)
==63896==    by 0x100023551: init_line_structures (display.c:687)
==63896==    by 0x100020ACC: rl_redisplay (display.c:801)
==63896==    by 0x10000DC18: readline_internal_setup (readline.c:468)
==63896==    by 0x10000D806: readline (readline.c:732)
==63896==    by 0x100004049: minishell (in ./minishell)
==63896==    by 0x1000041DA: main (in ./minishell)
==63896== 
==63896== 1,024 bytes in 1 blocks are still reachable in loss record 56 of 100
==63896==    at 0x10017D775: malloc (in /System/Volumes/Data/sgoinfre/goinfre/Perso/abasante/homebrew/Cellar/valgrind/HEAD-8c360fc/libexec/valgrind/vgpreload_memcheck-amd64-darwin.so)
==63896==    by 0x10000D6AC: xrealloc (xmalloc.c:70)
==63896==    by 0x1000284B6: realloc_line (display.c:663)
==63896==    by 0x100023551: init_line_structures (display.c:687)
==63896==    by 0x100020ACC: rl_redisplay (display.c:801)
==63896==    by 0x10000DC18: readline_internal_setup (readline.c:468)
==63896==    by 0x10000D806: readline (readline.c:732)
==63896==    by 0x100004049: minishell (in ./minishell)
==63896==    by 0x1000041DA: main (in ./minishell)
==63896== 
==63896== 1,024 bytes in 1 blocks are still reachable in loss record 57 of 100
==63896==    at 0x10017D775: malloc (in /System/Volumes/Data/sgoinfre/goinfre/Perso/abasante/homebrew/Cellar/valgrind/HEAD-8c360fc/libexec/valgrind/vgpreload_memcheck-amd64-darwin.so)
==63896==    by 0x10000D648: xmalloc (xmalloc.c:59)
==63896==    by 0x100023588: init_line_structures (display.c:696)
==63896==    by 0x100020ACC: rl_redisplay (display.c:801)
==63896==    by 0x10000DC18: readline_internal_setup (readline.c:468)
==63896==    by 0x10000D806: readline (readline.c:732)
==63896==    by 0x100004049: minishell (in ./minishell)
==63896==    by 0x1000041DA: main (in ./minishell)
==63896== 
==63896== 1,024 bytes in 1 blocks are still reachable in loss record 58 of 100
==63896==    at 0x10017D775: malloc (in /System/Volumes/Data/sgoinfre/goinfre/Perso/abasante/homebrew/Cellar/valgrind/HEAD-8c360fc/libexec/valgrind/vgpreload_memcheck-amd64-darwin.so)
==63896==    by 0x10000D648: xmalloc (xmalloc.c:59)
==63896==    by 0x1000235AA: init_line_structures (display.c:699)
==63896==    by 0x100020ACC: rl_redisplay (display.c:801)
==63896==    by 0x10000DC18: readline_internal_setup (readline.c:468)
==63896==    by 0x10000D806: readline (readline.c:732)
==63896==    by 0x100004049: minishell (in ./minishell)
==63896==    by 0x1000041DA: main (in ./minishell)
==63896== 
==63896== 1,024 bytes in 1 blocks are still reachable in loss record 59 of 100
==63896==    at 0x10017D775: malloc (in /System/Volumes/Data/sgoinfre/goinfre/Perso/abasante/homebrew/Cellar/valgrind/HEAD-8c360fc/libexec/valgrind/vgpreload_memcheck-amd64-darwin.so)
==63896==    by 0x10000D648: xmalloc (xmalloc.c:59)
==63896==    by 0x1000235C2: init_line_structures (display.c:702)
==63896==    by 0x100020ACC: rl_redisplay (display.c:801)
==63896==    by 0x10000DC18: readline_internal_setup (readline.c:468)
==63896==    by 0x10000D806: readline (readline.c:732)
==63896==    by 0x100004049: minishell (in ./minishell)
==63896==    by 0x1000041DA: main (in ./minishell)
==63896== 
==63896== 1,024 bytes in 1 blocks are still reachable in loss record 60 of 100
==63896==    at 0x10017D775: malloc (in /System/Volumes/Data/sgoinfre/goinfre/Perso/abasante/homebrew/Cellar/valgrind/HEAD-8c360fc/libexec/valgrind/vgpreload_memcheck-amd64-darwin.so)
==63896==    by 0x10000D648: xmalloc (xmalloc.c:59)
==63896==    by 0x1000235E1: init_line_structures (display.c:703)
==63896==    by 0x100020ACC: rl_redisplay (display.c:801)
==63896==    by 0x10000DC18: readline_internal_setup (readline.c:468)
==63896==    by 0x10000D806: readline (readline.c:732)
==63896==    by 0x100004049: minishell (in ./minishell)
==63896==    by 0x1000041DA: main (in ./minishell)
==63896== 
==63896== 1,487 bytes in 1 blocks are still reachable in loss record 61 of 100
==63896==    at 0x10017D775: malloc (in /System/Volumes/Data/sgoinfre/goinfre/Perso/abasante/homebrew/Cellar/valgrind/HEAD-8c360fc/libexec/valgrind/vgpreload_memcheck-amd64-darwin.so)
==63896==    by 0x1001C1C52: _nc_read_termtype (in /usr/lib/libncurses.5.4.dylib)
==63896==    by 0x1001C19C6: _nc_read_file_entry (in /usr/lib/libncurses.5.4.dylib)
==63896==    by 0x1001C15D7: _nc_read_entry (in /usr/lib/libncurses.5.4.dylib)
==63896==    by 0x1001C11C4: _nc_setupterm (in /usr/lib/libncurses.5.4.dylib)
==63896==    by 0x1001C0C46: tgetent (in /usr/lib/libncurses.5.4.dylib)
==63896==    by 0x10002D56F: _rl_init_terminal_io (terminal.c:523)
==63896==    by 0x10000D923: rl_initialize (readline.c:1283)
==63896==    by 0x10000D7E5: readline (readline.c:379)
==63896==    by 0x100004049: minishell (in ./minishell)
==63896==    by 0x1000041DA: main (in ./minishell)
==63896== 
==63896== 1,536 bytes in 1 blocks are still reachable in loss record 63 of 100
==63896==    at 0x100180C2E: realloc (in /System/Volumes/Data/sgoinfre/goinfre/Perso/abasante/homebrew/Cellar/valgrind/HEAD-8c360fc/libexec/valgrind/vgpreload_memcheck-amd64-darwin.so)
==63896==    by 0x10000D69D: xrealloc (xmalloc.c:70)
==63896==    by 0x10001411D: rl_initialize_funmap (funmap.c:218)
==63896==    by 0x10000D93D: rl_initialize (readline.c:1289)
==63896==    by 0x10000D7E5: readline (readline.c:379)
==63896==    by 0x100004049: minishell (in ./minishell)
==63896==    by 0x1000041DA: main (in ./minishell)
==63896== 
==63896== 2,032 bytes in 1 blocks are still reachable in loss record 66 of 100
==63896==    at 0x10017D775: malloc (in /System/Volumes/Data/sgoinfre/goinfre/Perso/abasante/homebrew/Cellar/valgrind/HEAD-8c360fc/libexec/valgrind/vgpreload_memcheck-amd64-darwin.so)
==63896==    by 0x10000D648: xmalloc (xmalloc.c:59)
==63896==    by 0x10002D535: _rl_init_terminal_io (terminal.c:516)
==63896==    by 0x10000D923: rl_initialize (readline.c:1283)
==63896==    by 0x10000D7E5: readline (readline.c:379)
==63896==    by 0x100004049: minishell (in ./minishell)
==63896==    by 0x1000041DA: main (in ./minishell)
==63896== 
==63896== 2,272 bytes in 142 blocks are still reachable in loss record 70 of 100
==63896==    at 0x10017D775: malloc (in /System/Volumes/Data/sgoinfre/goinfre/Perso/abasante/homebrew/Cellar/valgrind/HEAD-8c360fc/libexec/valgrind/vgpreload_memcheck-amd64-darwin.so)
==63896==    by 0x10000D648: xmalloc (xmalloc.c:59)
==63896==    by 0x1000140A9: rl_initialize_funmap (funmap.c:221)
==63896==    by 0x10000D93D: rl_initialize (readline.c:1289)
==63896==    by 0x10000D7E5: readline (readline.c:379)
==63896==    by 0x100004049: minishell (in ./minishell)
==63896==    by 0x1000041DA: main (in ./minishell)
==63896== 
==63896== 3,776 bytes in 1 blocks are still reachable in loss record 71 of 100
==63896==    at 0x100180C2E: realloc (in /System/Volumes/Data/sgoinfre/goinfre/Perso/abasante/homebrew/Cellar/valgrind/HEAD-8c360fc/libexec/valgrind/vgpreload_memcheck-amd64-darwin.so)
==63896==    by 0x1001C2516: _nc_doalloc (in /usr/lib/libncurses.5.4.dylib)
==63896==    by 0x1001C213A: _nc_read_termtype (in /usr/lib/libncurses.5.4.dylib)
==63896==    by 0x1001C19C6: _nc_read_file_entry (in /usr/lib/libncurses.5.4.dylib)
==63896==    by 0x1001C15D7: _nc_read_entry (in /usr/lib/libncurses.5.4.dylib)
==63896==    by 0x1001C11C4: _nc_setupterm (in /usr/lib/libncurses.5.4.dylib)
==63896==    by 0x1001C0C46: tgetent (in /usr/lib/libncurses.5.4.dylib)
==63896==    by 0x10002D56F: _rl_init_terminal_io (terminal.c:523)
==63896==    by 0x10000D923: rl_initialize (readline.c:1283)
==63896==    by 0x10000D7E5: readline (readline.c:379)
==63896==    by 0x100004049: minishell (in ./minishell)
==63896==    by 0x1000041DA: main (in ./minishell)
==63896== 
==63896== 4,080 bytes in 1 blocks are still reachable in loss record 72 of 100
==63896==    at 0x10017D775: malloc (in /System/Volumes/Data/sgoinfre/goinfre/Perso/abasante/homebrew/Cellar/valgrind/HEAD-8c360fc/libexec/valgrind/vgpreload_memcheck-amd64-darwin.so)
==63896==    by 0x10000D648: xmalloc (xmalloc.c:59)
==63896==    by 0x10002D552: _rl_init_terminal_io (terminal.c:519)
==63896==    by 0x10000D923: rl_initialize (readline.c:1283)
==63896==    by 0x10000D7E5: readline (readline.c:379)
==63896==    by 0x100004049: minishell (in ./minishell)
==63896==    by 0x1000041DA: main (in ./minishell)
==63896== 
==63896== 4,096 bytes in 1 blocks are still reachable in loss record 73 of 100
==63896==    at 0x10017D775: malloc (in /System/Volumes/Data/sgoinfre/goinfre/Perso/abasante/homebrew/Cellar/valgrind/HEAD-8c360fc/libexec/valgrind/vgpreload_memcheck-amd64-darwin.so)
==63896==    by 0x100490367: __smakebuf (in /usr/lib/system/libsystem_c.dylib)
==63896==    by 0x1004A3C4D: __swsetup (in /usr/lib/system/libsystem_c.dylib)
==63896==    by 0x10048F596: __sfvwrite (in /usr/lib/system/libsystem_c.dylib)
==63896==    by 0x10048FB49: fwrite (in /usr/lib/system/libsystem_c.dylib)
==63896==    by 0x100015BAE: rl_prep_terminal (rltty.c:667)
==63896==    by 0x10000D7FC: readline (readline.c:381)
==63896==    by 0x100004049: minishell (in ./minishell)
==63896==    by 0x1000041DA: main (in ./minishell)
==63896== 
==63896== 4,112 bytes in 1 blocks are still reachable in loss record 74 of 100
==63896==    at 0x10017D775: malloc (in /System/Volumes/Data/sgoinfre/goinfre/Perso/abasante/homebrew/Cellar/valgrind/HEAD-8c360fc/libexec/valgrind/vgpreload_memcheck-amd64-darwin.so)
==63896==    by 0x10000D648: xmalloc (xmalloc.c:59)
==63896==    by 0x1000142DD: rl_make_bare_keymap (keymaps.c:62)
==63896==    by 0x10001B0C3: rl_generic_bind (bind.c:454)
==63896==    by 0x10001AD5C: rl_bind_keyseq_if_unbound_in_map (bind.c:303)
==63896==    by 0x10002DCF6: bind_termcap_arrow_keys (terminal.c:651)
==63896==    by 0x10002D969: _rl_init_terminal_io (terminal.c:621)
==63896==    by 0x10000D923: rl_initialize (readline.c:1283)
==63896==    by 0x10000D7E5: readline (readline.c:379)
==63896==    by 0x100004049: minishell (in ./minishell)
==63896==    by 0x1000041DA: main (in ./minishell)
==63896== 
==63896== 4,112 bytes in 1 blocks are still reachable in loss record 75 of 100
==63896==    at 0x10017D775: malloc (in /System/Volumes/Data/sgoinfre/goinfre/Perso/abasante/homebrew/Cellar/valgrind/HEAD-8c360fc/libexec/valgrind/vgpreload_memcheck-amd64-darwin.so)
==63896==    by 0x10000D648: xmalloc (xmalloc.c:59)
==63896==    by 0x1000142DD: rl_make_bare_keymap (keymaps.c:62)
==63896==    by 0x10001B0C3: rl_generic_bind (bind.c:454)
==63896==    by 0x10001AD5C: rl_bind_keyseq_if_unbound_in_map (bind.c:303)
==63896==    by 0x10002DD7B: bind_termcap_arrow_keys (terminal.c:660)
==63896==    by 0x10002D969: _rl_init_terminal_io (terminal.c:621)
==63896==    by 0x10000D923: rl_initialize (readline.c:1283)
==63896==    by 0x10000D7E5: readline (readline.c:379)
==63896==    by 0x100004049: minishell (in ./minishell)
==63896==    by 0x1000041DA: main (in ./minishell)
==63896== 
==63896== 4,112 bytes in 1 blocks are still reachable in loss record 76 of 100
==63896==    at 0x10017D775: malloc (in /System/Volumes/Data/sgoinfre/goinfre/Perso/abasante/homebrew/Cellar/valgrind/HEAD-8c360fc/libexec/valgrind/vgpreload_memcheck-amd64-darwin.so)
==63896==    by 0x10000D648: xmalloc (xmalloc.c:59)
==63896==    by 0x1000142DD: rl_make_bare_keymap (keymaps.c:62)
==63896==    by 0x10001B0C3: rl_generic_bind (bind.c:454)
==63896==    by 0x10001AD5C: rl_bind_keyseq_if_unbound_in_map (bind.c:303)
==63896==    by 0x10002DD8E: bind_termcap_arrow_keys (terminal.c:662)
==63896==    by 0x10002D969: _rl_init_terminal_io (terminal.c:621)
==63896==    by 0x10000D923: rl_initialize (readline.c:1283)
==63896==    by 0x10000D7E5: readline (readline.c:379)
==63896==    by 0x100004049: minishell (in ./minishell)
==63896==    by 0x1000041DA: main (in ./minishell)
==63896== 
==63896== 4,112 bytes in 1 blocks are still reachable in loss record 77 of 100
==63896==    at 0x10017D775: malloc (in /System/Volumes/Data/sgoinfre/goinfre/Perso/abasante/homebrew/Cellar/valgrind/HEAD-8c360fc/libexec/valgrind/vgpreload_memcheck-amd64-darwin.so)
==63896==    by 0x10000D648: xmalloc (xmalloc.c:59)
==63896==    by 0x1000142DD: rl_make_bare_keymap (keymaps.c:62)
==63896==    by 0x10001B0C3: rl_generic_bind (bind.c:454)
==63896==    by 0x10001AD5C: rl_bind_keyseq_if_unbound_in_map (bind.c:303)
==63896==    by 0x10002DDA1: bind_termcap_arrow_keys (terminal.c:663)
==63896==    by 0x10002D969: _rl_init_terminal_io (terminal.c:621)
==63896==    by 0x10000D923: rl_initialize (readline.c:1283)
==63896==    by 0x10000D7E5: readline (readline.c:379)
==63896==    by 0x100004049: minishell (in ./minishell)
==63896==    by 0x1000041DA: main (in ./minishell)
==63896== 
==63896== 4,112 bytes in 1 blocks are still reachable in loss record 78 of 100
==63896==    at 0x10017D775: malloc (in /System/Volumes/Data/sgoinfre/goinfre/Perso/abasante/homebrew/Cellar/valgrind/HEAD-8c360fc/libexec/valgrind/vgpreload_memcheck-amd64-darwin.so)
==63896==    by 0x10000D648: xmalloc (xmalloc.c:59)
==63896==    by 0x1000142DD: rl_make_bare_keymap (keymaps.c:62)
==63896==    by 0x10001B0C3: rl_generic_bind (bind.c:454)
==63896==    by 0x10001AD5C: rl_bind_keyseq_if_unbound_in_map (bind.c:303)
==63896==    by 0x10002DD7B: bind_termcap_arrow_keys (terminal.c:660)
==63896==    by 0x10002D975: _rl_init_terminal_io (terminal.c:624)
==63896==    by 0x10000D923: rl_initialize (readline.c:1283)
==63896==    by 0x10000D7E5: readline (readline.c:379)
==63896==    by 0x100004049: minishell (in ./minishell)
==63896==    by 0x1000041DA: main (in ./minishell)
==63896== 
==63896== 4,112 bytes in 1 blocks are still reachable in loss record 79 of 100
==63896==    at 0x10017D775: malloc (in /System/Volumes/Data/sgoinfre/goinfre/Perso/abasante/homebrew/Cellar/valgrind/HEAD-8c360fc/libexec/valgrind/vgpreload_memcheck-amd64-darwin.so)
==63896==    by 0x10000D648: xmalloc (xmalloc.c:59)
==63896==    by 0x1000142DD: rl_make_bare_keymap (keymaps.c:62)
==63896==    by 0x10001B0C3: rl_generic_bind (bind.c:454)
==63896==    by 0x10001AD5C: rl_bind_keyseq_if_unbound_in_map (bind.c:303)
==63896==    by 0x10002DD8E: bind_termcap_arrow_keys (terminal.c:662)
==63896==    by 0x10002D975: _rl_init_terminal_io (terminal.c:624)
==63896==    by 0x10000D923: rl_initialize (readline.c:1283)
==63896==    by 0x10000D7E5: readline (readline.c:379)
==63896==    by 0x100004049: minishell (in ./minishell)
==63896==    by 0x1000041DA: main (in ./minishell)
==63896== 
==63896== 4,112 bytes in 1 blocks are still reachable in loss record 80 of 100
==63896==    at 0x10017D775: malloc (in /System/Volumes/Data/sgoinfre/goinfre/Perso/abasante/homebrew/Cellar/valgrind/HEAD-8c360fc/libexec/valgrind/vgpreload_memcheck-amd64-darwin.so)
==63896==    by 0x10000D648: xmalloc (xmalloc.c:59)
==63896==    by 0x1000142DD: rl_make_bare_keymap (keymaps.c:62)
==63896==    by 0x10001B0C3: rl_generic_bind (bind.c:454)
==63896==    by 0x10001AD5C: rl_bind_keyseq_if_unbound_in_map (bind.c:303)
==63896==    by 0x10002DDA1: bind_termcap_arrow_keys (terminal.c:663)
==63896==    by 0x10002D975: _rl_init_terminal_io (terminal.c:624)
==63896==    by 0x10000D923: rl_initialize (readline.c:1283)
==63896==    by 0x10000D7E5: readline (readline.c:379)
==63896==    by 0x100004049: minishell (in ./minishell)
==63896==    by 0x1000041DA: main (in ./minishell)
==63896== 
==63896== 4,112 bytes in 1 blocks are still reachable in loss record 81 of 100
==63896==    at 0x10017D775: malloc (in /System/Volumes/Data/sgoinfre/goinfre/Perso/abasante/homebrew/Cellar/valgrind/HEAD-8c360fc/libexec/valgrind/vgpreload_memcheck-amd64-darwin.so)
==63896==    by 0x10000D648: xmalloc (xmalloc.c:59)
==63896==    by 0x1000142DD: rl_make_bare_keymap (keymaps.c:62)
==63896==    by 0x10001B0C3: rl_generic_bind (bind.c:454)
==63896==    by 0x10001AD5C: rl_bind_keyseq_if_unbound_in_map (bind.c:303)
==63896==    by 0x10002DD7B: bind_termcap_arrow_keys (terminal.c:660)
==63896==    by 0x10002D981: _rl_init_terminal_io (terminal.c:625)
==63896==    by 0x10000D923: rl_initialize (readline.c:1283)
==63896==    by 0x10000D7E5: readline (readline.c:379)
==63896==    by 0x100004049: minishell (in ./minishell)
==63896==    by 0x1000041DA: main (in ./minishell)
==63896== 
==63896== 4,112 bytes in 1 blocks are still reachable in loss record 82 of 100
==63896==    at 0x10017D775: malloc (in /System/Volumes/Data/sgoinfre/goinfre/Perso/abasante/homebrew/Cellar/valgrind/HEAD-8c360fc/libexec/valgrind/vgpreload_memcheck-amd64-darwin.so)
==63896==    by 0x10000D648: xmalloc (xmalloc.c:59)
==63896==    by 0x1000142DD: rl_make_bare_keymap (keymaps.c:62)
==63896==    by 0x10001B0C3: rl_generic_bind (bind.c:454)
==63896==    by 0x10001AD5C: rl_bind_keyseq_if_unbound_in_map (bind.c:303)
==63896==    by 0x10002DD8E: bind_termcap_arrow_keys (terminal.c:662)
==63896==    by 0x10002D981: _rl_init_terminal_io (terminal.c:625)
==63896==    by 0x10000D923: rl_initialize (readline.c:1283)
==63896==    by 0x10000D7E5: readline (readline.c:379)
==63896==    by 0x100004049: minishell (in ./minishell)
==63896==    by 0x1000041DA: main (in ./minishell)
==63896== 
==63896== 4,112 bytes in 1 blocks are still reachable in loss record 83 of 100
==63896==    at 0x10017D775: malloc (in /System/Volumes/Data/sgoinfre/goinfre/Perso/abasante/homebrew/Cellar/valgrind/HEAD-8c360fc/libexec/valgrind/vgpreload_memcheck-amd64-darwin.so)
==63896==    by 0x10000D648: xmalloc (xmalloc.c:59)
==63896==    by 0x1000142DD: rl_make_bare_keymap (keymaps.c:62)
==63896==    by 0x10001B0C3: rl_generic_bind (bind.c:454)
==63896==    by 0x10001AD5C: rl_bind_keyseq_if_unbound_in_map (bind.c:303)
==63896==    by 0x10002DDA1: bind_termcap_arrow_keys (terminal.c:663)
==63896==    by 0x10002D981: _rl_init_terminal_io (terminal.c:625)
==63896==    by 0x10000D923: rl_initialize (readline.c:1283)
==63896==    by 0x10000D7E5: readline (readline.c:379)
==63896==    by 0x100004049: minishell (in ./minishell)
==63896==    by 0x1000041DA: main (in ./minishell)
==63896== 
==63896== 4,112 bytes in 1 blocks are still reachable in loss record 84 of 100
==63896==    at 0x10017D775: malloc (in /System/Volumes/Data/sgoinfre/goinfre/Perso/abasante/homebrew/Cellar/valgrind/HEAD-8c360fc/libexec/valgrind/vgpreload_memcheck-amd64-darwin.so)
==63896==    by 0x10000D648: xmalloc (xmalloc.c:59)
==63896==    by 0x1000142DD: rl_make_bare_keymap (keymaps.c:62)
==63896==    by 0x10001B0C3: rl_generic_bind (bind.c:454)
==63896==    by 0x10001AD5C: rl_bind_keyseq_if_unbound_in_map (bind.c:303)
==63896==    by 0x10000F08C: bind_arrow_keys_internal (readline.c:1388)
==63896==    by 0x10000D98D: rl_initialize (readline.c:1421)
==63896==    by 0x10000D7E5: readline (readline.c:379)
==63896==    by 0x100004049: minishell (in ./minishell)
==63896==    by 0x1000041DA: main (in ./minishell)
==63896== 
==63896== 4,112 bytes in 1 blocks are still reachable in loss record 85 of 100
==63896==    at 0x10017D775: malloc (in /System/Volumes/Data/sgoinfre/goinfre/Perso/abasante/homebrew/Cellar/valgrind/HEAD-8c360fc/libexec/valgrind/vgpreload_memcheck-amd64-darwin.so)
==63896==    by 0x10000D648: xmalloc (xmalloc.c:59)
==63896==    by 0x1000142DD: rl_make_bare_keymap (keymaps.c:62)
==63896==    by 0x10001B0C3: rl_generic_bind (bind.c:454)
==63896==    by 0x10001AD5C: rl_bind_keyseq_if_unbound_in_map (bind.c:303)
==63896==    by 0x10000F08C: bind_arrow_keys_internal (readline.c:1388)
==63896==    by 0x10000D99C: rl_initialize (readline.c:1424)
==63896==    by 0x10000D7E5: readline (readline.c:379)
==63896==    by 0x100004049: minishell (in ./minishell)
==63896==    by 0x1000041DA: main (in ./minishell)
==63896== 
==63896== 4,112 bytes in 1 blocks are still reachable in loss record 86 of 100
==63896==    at 0x10017D775: malloc (in /System/Volumes/Data/sgoinfre/goinfre/Perso/abasante/homebrew/Cellar/valgrind/HEAD-8c360fc/libexec/valgrind/vgpreload_memcheck-amd64-darwin.so)
==63896==    by 0x10000D648: xmalloc (xmalloc.c:59)
==63896==    by 0x1000142DD: rl_make_bare_keymap (keymaps.c:62)
==63896==    by 0x10001B0C3: rl_generic_bind (bind.c:454)
==63896==    by 0x10001AD5C: rl_bind_keyseq_if_unbound_in_map (bind.c:303)
==63896==    by 0x10000F08C: bind_arrow_keys_internal (readline.c:1388)
==63896==    by 0x10000D9C9: rl_initialize (readline.c:1429)
==63896==    by 0x10000D7E5: readline (readline.c:379)
==63896==    by 0x100004049: minishell (in ./minishell)
==63896==    by 0x1000041DA: main (in ./minishell)
==63896== 
==63896== 8,224 bytes in 2 blocks are still reachable in loss record 87 of 100
==63896==    at 0x10017D775: malloc (in /System/Volumes/Data/sgoinfre/goinfre/Perso/abasante/homebrew/Cellar/valgrind/HEAD-8c360fc/libexec/valgrind/vgpreload_memcheck-amd64-darwin.so)
==63896==    by 0x10000D648: xmalloc (xmalloc.c:59)
==63896==    by 0x1000142DD: rl_make_bare_keymap (keymaps.c:62)
==63896==    by 0x10001B0C3: rl_generic_bind (bind.c:454)
==63896==    by 0x10001AD5C: rl_bind_keyseq_if_unbound_in_map (bind.c:303)
==63896==    by 0x10002DD68: bind_termcap_arrow_keys (terminal.c:659)
==63896==    by 0x10002D969: _rl_init_terminal_io (terminal.c:621)
==63896==    by 0x10000D923: rl_initialize (readline.c:1283)
==63896==    by 0x10000D7E5: readline (readline.c:379)
==63896==    by 0x100004049: minishell (in ./minishell)
==63896==    by 0x1000041DA: main (in ./minishell)
==63896== 
==63896== 8,224 bytes in 2 blocks are still reachable in loss record 88 of 100
==63896==    at 0x10017D775: malloc (in /System/Volumes/Data/sgoinfre/goinfre/Perso/abasante/homebrew/Cellar/valgrind/HEAD-8c360fc/libexec/valgrind/vgpreload_memcheck-amd64-darwin.so)
==63896==    by 0x10000D648: xmalloc (xmalloc.c:59)
==63896==    by 0x1000142DD: rl_make_bare_keymap (keymaps.c:62)
==63896==    by 0x10001B0C3: rl_generic_bind (bind.c:454)
==63896==    by 0x10001AD5C: rl_bind_keyseq_if_unbound_in_map (bind.c:303)
==63896==    by 0x10002DCF6: bind_termcap_arrow_keys (terminal.c:651)
==63896==    by 0x10002D975: _rl_init_terminal_io (terminal.c:624)
==63896==    by 0x10000D923: rl_initialize (readline.c:1283)
==63896==    by 0x10000D7E5: readline (readline.c:379)
==63896==    by 0x100004049: minishell (in ./minishell)
==63896==    by 0x1000041DA: main (in ./minishell)
==63896== 
==63896== 8,224 bytes in 2 blocks are still reachable in loss record 89 of 100
==63896==    at 0x10017D775: malloc (in /System/Volumes/Data/sgoinfre/goinfre/Perso/abasante/homebrew/Cellar/valgrind/HEAD-8c360fc/libexec/valgrind/vgpreload_memcheck-amd64-darwin.so)
==63896==    by 0x10000D648: xmalloc (xmalloc.c:59)
==63896==    by 0x1000142DD: rl_make_bare_keymap (keymaps.c:62)
==63896==    by 0x10001B0C3: rl_generic_bind (bind.c:454)
==63896==    by 0x10001AD5C: rl_bind_keyseq_if_unbound_in_map (bind.c:303)
==63896==    by 0x10002DD68: bind_termcap_arrow_keys (terminal.c:659)
==63896==    by 0x10002D975: _rl_init_terminal_io (terminal.c:624)
==63896==    by 0x10000D923: rl_initialize (readline.c:1283)
==63896==    by 0x10000D7E5: readline (readline.c:379)
==63896==    by 0x100004049: minishell (in ./minishell)
==63896==    by 0x1000041DA: main (in ./minishell)
==63896== 
==63896== 8,224 bytes in 2 blocks are still reachable in loss record 90 of 100
==63896==    at 0x10017D775: malloc (in /System/Volumes/Data/sgoinfre/goinfre/Perso/abasante/homebrew/Cellar/valgrind/HEAD-8c360fc/libexec/valgrind/vgpreload_memcheck-amd64-darwin.so)
==63896==    by 0x10000D648: xmalloc (xmalloc.c:59)
==63896==    by 0x1000142DD: rl_make_bare_keymap (keymaps.c:62)
==63896==    by 0x10001B0C3: rl_generic_bind (bind.c:454)
==63896==    by 0x10001AD5C: rl_bind_keyseq_if_unbound_in_map (bind.c:303)
==63896==    by 0x10002DCF6: bind_termcap_arrow_keys (terminal.c:651)
==63896==    by 0x10002D981: _rl_init_terminal_io (terminal.c:625)
==63896==    by 0x10000D923: rl_initialize (readline.c:1283)
==63896==    by 0x10000D7E5: readline (readline.c:379)
==63896==    by 0x100004049: minishell (in ./minishell)
==63896==    by 0x1000041DA: main (in ./minishell)
==63896== 
==63896== 8,224 bytes in 2 blocks are still reachable in loss record 91 of 100
==63896==    at 0x10017D775: malloc (in /System/Volumes/Data/sgoinfre/goinfre/Perso/abasante/homebrew/Cellar/valgrind/HEAD-8c360fc/libexec/valgrind/vgpreload_memcheck-amd64-darwin.so)
==63896==    by 0x10000D648: xmalloc (xmalloc.c:59)
==63896==    by 0x1000142DD: rl_make_bare_keymap (keymaps.c:62)
==63896==    by 0x10001B0C3: rl_generic_bind (bind.c:454)
==63896==    by 0x10001AD5C: rl_bind_keyseq_if_unbound_in_map (bind.c:303)
==63896==    by 0x10002DD68: bind_termcap_arrow_keys (terminal.c:659)
==63896==    by 0x10002D981: _rl_init_terminal_io (terminal.c:625)
==63896==    by 0x10000D923: rl_initialize (readline.c:1283)
==63896==    by 0x10000D7E5: readline (readline.c:379)
==63896==    by 0x100004049: minishell (in ./minishell)
==63896==    by 0x1000041DA: main (in ./minishell)
==63896== 
==63896== 8,224 bytes in 2 blocks are still reachable in loss record 92 of 100
==63896==    at 0x10017D775: malloc (in /System/Volumes/Data/sgoinfre/goinfre/Perso/abasante/homebrew/Cellar/valgrind/HEAD-8c360fc/libexec/valgrind/vgpreload_memcheck-amd64-darwin.so)
==63896==    by 0x10000D648: xmalloc (xmalloc.c:59)
==63896==    by 0x1000142DD: rl_make_bare_keymap (keymaps.c:62)
==63896==    by 0x10001B0C3: rl_generic_bind (bind.c:454)
==63896==    by 0x10001AD5C: rl_bind_keyseq_if_unbound_in_map (bind.c:303)
==63896==    by 0x10000F07D: bind_arrow_keys_internal (readline.c:1385)
==63896==    by 0x10000D98D: rl_initialize (readline.c:1421)
==63896==    by 0x10000D7E5: readline (readline.c:379)
==63896==    by 0x100004049: minishell (in ./minishell)
==63896==    by 0x1000041DA: main (in ./minishell)
==63896== 
==63896== 8,224 bytes in 2 blocks are still reachable in loss record 93 of 100
==63896==    at 0x10017D775: malloc (in /System/Volumes/Data/sgoinfre/goinfre/Perso/abasante/homebrew/Cellar/valgrind/HEAD-8c360fc/libexec/valgrind/vgpreload_memcheck-amd64-darwin.so)
==63896==    by 0x10000D648: xmalloc (xmalloc.c:59)
==63896==    by 0x1000142DD: rl_make_bare_keymap (keymaps.c:62)
==63896==    by 0x10001B0C3: rl_generic_bind (bind.c:454)
==63896==    by 0x10001AD5C: rl_bind_keyseq_if_unbound_in_map (bind.c:303)
==63896==    by 0x10000F07D: bind_arrow_keys_internal (readline.c:1385)
==63896==    by 0x10000D99C: rl_initialize (readline.c:1424)
==63896==    by 0x10000D7E5: readline (readline.c:379)
==63896==    by 0x100004049: minishell (in ./minishell)
==63896==    by 0x1000041DA: main (in ./minishell)
==63896== 
==63896== 8,224 bytes in 2 blocks are still reachable in loss record 94 of 100
==63896==    at 0x10017D775: malloc (in /System/Volumes/Data/sgoinfre/goinfre/Perso/abasante/homebrew/Cellar/valgrind/HEAD-8c360fc/libexec/valgrind/vgpreload_memcheck-amd64-darwin.so)
==63896==    by 0x10000D648: xmalloc (xmalloc.c:59)
==63896==    by 0x1000142DD: rl_make_bare_keymap (keymaps.c:62)
==63896==    by 0x10001B0C3: rl_generic_bind (bind.c:454)
==63896==    by 0x10001AD5C: rl_bind_keyseq_if_unbound_in_map (bind.c:303)
==63896==    by 0x10000F07D: bind_arrow_keys_internal (readline.c:1385)
==63896==    by 0x10000D9C9: rl_initialize (readline.c:1429)
==63896==    by 0x10000D7E5: readline (readline.c:379)
==63896==    by 0x100004049: minishell (in ./minishell)
==63896==    by 0x1000041DA: main (in ./minishell)
==63896== 
==63896== 8,224 bytes in 2 blocks are still reachable in loss record 95 of 100
==63896==    at 0x10017D775: malloc (in /System/Volumes/Data/sgoinfre/goinfre/Perso/abasante/homebrew/Cellar/valgrind/HEAD-8c360fc/libexec/valgrind/vgpreload_memcheck-amd64-darwin.so)
==63896==    by 0x10000D648: xmalloc (xmalloc.c:59)
==63896==    by 0x1000142DD: rl_make_bare_keymap (keymaps.c:62)
==63896==    by 0x10001B0C3: rl_generic_bind (bind.c:454)
==63896==    by 0x10001AD5C: rl_bind_keyseq_if_unbound_in_map (bind.c:303)
==63896==    by 0x10000D9F0: rl_initialize (readline.c:1441)
==63896==    by 0x10000D7E5: readline (readline.c:379)
==63896==    by 0x100004049: minishell (in ./minishell)
==63896==    by 0x1000041DA: main (in ./minishell)
==63896== 
==63896== 8,224 bytes in 2 blocks are still reachable in loss record 96 of 100
==63896==    at 0x10017D775: malloc (in /System/Volumes/Data/sgoinfre/goinfre/Perso/abasante/homebrew/Cellar/valgrind/HEAD-8c360fc/libexec/valgrind/vgpreload_memcheck-amd64-darwin.so)
==63896==    by 0x10000D648: xmalloc (xmalloc.c:59)
==63896==    by 0x1000142DD: rl_make_bare_keymap (keymaps.c:62)
==63896==    by 0x10001B0C3: rl_generic_bind (bind.c:454)
==63896==    by 0x10001AD5C: rl_bind_keyseq_if_unbound_in_map (bind.c:303)
==63896==    by 0x10000DA02: rl_initialize (readline.c:1445)
==63896==    by 0x10000D7E5: readline (readline.c:379)
==63896==    by 0x100004049: minishell (in ./minishell)
==63896==    by 0x1000041DA: main (in ./minishell)
==63896== 
==63896== 12,336 bytes in 3 blocks are still reachable in loss record 97 of 100
==63896==    at 0x10017D775: malloc (in /System/Volumes/Data/sgoinfre/goinfre/Perso/abasante/homebrew/Cellar/valgrind/HEAD-8c360fc/libexec/valgrind/vgpreload_memcheck-amd64-darwin.so)
==63896==    by 0x10000D648: xmalloc (xmalloc.c:59)
==63896==    by 0x1000142DD: rl_make_bare_keymap (keymaps.c:62)
==63896==    by 0x10001B0C3: rl_generic_bind (bind.c:454)
==63896==    by 0x10001AD5C: rl_bind_keyseq_if_unbound_in_map (bind.c:303)
==63896==    by 0x10000F054: bind_arrow_keys_internal (readline.c:1383)
==63896==    by 0x10000D98D: rl_initialize (readline.c:1421)
==63896==    by 0x10000D7E5: readline (readline.c:379)
==63896==    by 0x100004049: minishell (in ./minishell)
==63896==    by 0x1000041DA: main (in ./minishell)
==63896== 
==63896== 12,336 bytes in 3 blocks are still reachable in loss record 98 of 100
==63896==    at 0x10017D775: malloc (in /System/Volumes/Data/sgoinfre/goinfre/Perso/abasante/homebrew/Cellar/valgrind/HEAD-8c360fc/libexec/valgrind/vgpreload_memcheck-amd64-darwin.so)
==63896==    by 0x10000D648: xmalloc (xmalloc.c:59)
==63896==    by 0x1000142DD: rl_make_bare_keymap (keymaps.c:62)
==63896==    by 0x10001B0C3: rl_generic_bind (bind.c:454)
==63896==    by 0x10001AD5C: rl_bind_keyseq_if_unbound_in_map (bind.c:303)
==63896==    by 0x10000F054: bind_arrow_keys_internal (readline.c:1383)
==63896==    by 0x10000D99C: rl_initialize (readline.c:1424)
==63896==    by 0x10000D7E5: readline (readline.c:379)
==63896==    by 0x100004049: minishell (in ./minishell)
==63896==    by 0x1000041DA: main (in ./minishell)
==63896== 
==63896== 12,336 bytes in 3 blocks are still reachable in loss record 99 of 100
==63896==    at 0x10017D775: malloc (in /System/Volumes/Data/sgoinfre/goinfre/Perso/abasante/homebrew/Cellar/valgrind/HEAD-8c360fc/libexec/valgrind/vgpreload_memcheck-amd64-darwin.so)
==63896==    by 0x10000D648: xmalloc (xmalloc.c:59)
==63896==    by 0x1000142DD: rl_make_bare_keymap (keymaps.c:62)
==63896==    by 0x10001B0C3: rl_generic_bind (bind.c:454)
==63896==    by 0x10001AD5C: rl_bind_keyseq_if_unbound_in_map (bind.c:303)
==63896==    by 0x10000F054: bind_arrow_keys_internal (readline.c:1383)
==63896==    by 0x10000D9C9: rl_initialize (readline.c:1429)
==63896==    by 0x10000D7E5: readline (readline.c:379)
==63896==    by 0x100004049: minishell (in ./minishell)
==63896==    by 0x1000041DA: main (in ./minishell)
==63896== 
==63896== 103,292 bytes in 1 blocks are still reachable in loss record 100 of 100
==63896==    at 0x100180C2E: realloc (in /System/Volumes/Data/sgoinfre/goinfre/Perso/abasante/homebrew/Cellar/valgrind/HEAD-8c360fc/libexec/valgrind/vgpreload_memcheck-amd64-darwin.so)
==63896==    by 0x1004B26F9: reallocf (in /usr/lib/system/libsystem_c.dylib)
==63896==    by 0x1004B5F27: _Read_RuneMagi (in /usr/lib/system/libsystem_c.dylib)
==63896==    by 0x100486E4A: __setrunelocale (in /usr/lib/system/libsystem_c.dylib)
==63896==    by 0x100487314: __wrap_setrunelocale (in /usr/lib/system/libsystem_c.dylib)
==63896==    by 0x100486B08: loadlocale (in /usr/lib/system/libsystem_c.dylib)
==63896==    by 0x10003112C: _rl_init_locale (nls.c:143)
==63896==    by 0x1000311C5: _rl_init_eightbit (nls.c:227)
==63896==    by 0x10000D942: rl_initialize (readline.c:1292)
==63896==    by 0x10000D7E5: readline (readline.c:379)
==63896==    by 0x100004049: minishell (in ./minishell)
==63896==    by 0x1000041DA: main (in ./minishell)
==63896== 
==63896== LEAK SUMMARY:
==63896==    definitely lost: 0 bytes in 0 blocks
==63896==    indirectly lost: 0 bytes in 0 blocks
==63896==      possibly lost: 0 bytes in 0 blocks
==63896==    still reachable: 305,843 bytes in 220 blocks
==63896==         suppressed: 14,070 bytes in 162 blocks
==63896== 
==63896== For lists of detected and suppressed errors, rerun with: -s
==63896== ERROR SUMMARY: 0 errors from 0 contexts (suppressed: 8 from 8)
